<?xml version="1.0" encoding="UTF-8"?>
<!-- Generated by org.testng.reporters.JUnitReportReporter -->
<testsuite hostname="LAPTOP-B4A6CVH7" failures="0" tests="3" name="com.crm.qa.testcases.LoginPageTest" time="23.970" errors="0" timestamp="29 Jul 2022 00:19:42 GMT" skipped="0">
  <testcase classname="com.crm.qa.testcases.LoginPageTest" name="loginPageTitleTest" time="3.956"/>
  <testcase classname="com.crm.qa.testcases.LoginPageTest" name="crmLogoImageTest" time="4.117"/>
  <testcase classname="com.crm.qa.testcases.LoginPageTest" name="loginTest" time="15.897"/>
</testsuite> <!-- com.crm.qa.testcases.LoginPageTest -->
