<?xml version="1.0" encoding="UTF-8"?>
<!-- Generated by org.testng.reporters.JUnitReportReporter -->
<testsuite hostname="LAPTOP-B4A6CVH7" failures="0" tests="3" name="com.crm.qa.testcases.HomePageTest" time="29.438" errors="0" timestamp="29 Jul 2022 00:19:42 GMT" skipped="0">
  <testcase classname="com.crm.qa.testcases.HomePageTest" name="verifyHomePageTitleTest" time="6.967"/>
  <testcase classname="com.crm.qa.testcases.HomePageTest" name="verifyUserNameTest" time="13.190"/>
  <testcase classname="com.crm.qa.testcases.HomePageTest" name="verifyContactsLinkTest" time="9.281"/>
</testsuite> <!-- com.crm.qa.testcases.HomePageTest -->
