<?xml version="1.0" encoding="UTF-8"?>
<!-- Generated by org.testng.reporters.JUnitReportReporter -->
<testsuite hostname="LAPTOP-B4A6CVH7" failures="0" tests="2" name="com.crm.qa.testcases.ContactsPageTest" time="22.654" errors="0" timestamp="29 Jul 2022 00:19:42 GMT" skipped="0">
  <testcase classname="com.crm.qa.testcases.ContactsPageTest" name="verifyContactsPageLable" time="13.897"/>
  <testcase classname="com.crm.qa.testcases.ContactsPageTest" name="selectContactsTest" time="8.757"/>
</testsuite> <!-- com.crm.qa.testcases.ContactsPageTest -->
